{
  "stats": {
    "suites": 1,
    "tests": 2,
    "passes": 2,
    "pending": 0,
    "failures": 0,
    "start": "2020-06-09T08:16:11.236Z",
    "end": "2020-06-09T08:16:24.322Z",
    "duration": 13086,
    "testsRegistered": 2,
    "passPercent": 100,
    "pendingPercent": 0,
    "other": 0,
    "hasOther": false,
    "skipped": 0,
    "hasSkipped": false
  },
  "results": [
    {
      "uuid": "dfd0f7ad-30a7-4f7c-ba53-b9166d42fb47",
      "title": "",
      "fullFile": "cypress/integration/Forgot_password.js",
      "file": "cypress/integration/Forgot_password.js",
      "beforeHooks": [],
      "afterHooks": [],
      "tests": [],
      "suites": [
        {
          "uuid": "01868a8f-8a3f-4cde-a01a-25fdb904c8af",
          "title": "Verify Forgot password?",
          "fullFile": "",
          "file": "",
          "beforeHooks": [],
          "afterHooks": [],
          "tests": [
            {
              "title": "Check Forgot password?",
              "fullTitle": "Verify Forgot password? Check Forgot password?",
              "timedOut": null,
              "duration": 5317,
              "state": "passed",
              "speed": "slow",
              "pass": true,
              "fail": false,
              "pending": false,
              "context": null,
              "code": "cy.visit('https://kindlinen01.web.app/login');\ncy.get('input[name=\"email\"]').should('be.visible');\ncy.get('input[name=\"password\"]').should('be.visible');\ncy.get('button[type=\"button\"]').should('be.disabled');\ncy.get('.MuiTypography-root.jss5.MuiTypography-body1').click();",
              "err": {},
              "uuid": "813d7b19-ed1f-48f9-a54b-276d684a1507",
              "parentUUID": "01868a8f-8a3f-4cde-a01a-25fdb904c8af",
              "isHook": false,
              "skipped": false
            },
            {
              "title": "Forgot passowrd screen_2",
              "fullTitle": "Verify Forgot password? Forgot passowrd screen_2",
              "timedOut": null,
              "duration": 3159,
              "state": "passed",
              "speed": "slow",
              "pass": true,
              "fail": false,
              "pending": false,
              "context": null,
              "code": "cy.get('.jss236').contains('Forgot Password?');\ncy.get('.jss235').contains(data.Text);\ncy.get('img[alt=\"Back Button\"]').should('be.visible');\ncy.get('button[type=\"button\"]').contains('Submit');\ncy.get('button[type=\"button\"]').should('be.disabled');\ncy.get('.MuiInputBase-input').type(data.email);\ncy.get('button[type=\"button\"]').should('be.enabled').click();",
              "err": {},
              "uuid": "67d3bd75-9167-464f-b971-5ee884aa17c1",
              "parentUUID": "01868a8f-8a3f-4cde-a01a-25fdb904c8af",
              "isHook": false,
              "skipped": false
            }
          ],
          "suites": [],
          "passes": [
            "813d7b19-ed1f-48f9-a54b-276d684a1507",
            "67d3bd75-9167-464f-b971-5ee884aa17c1"
          ],
          "failures": [],
          "pending": [],
          "skipped": [],
          "duration": 8476,
          "root": false,
          "rootEmpty": false,
          "_timeout": 2000
        }
      ],
      "passes": [],
      "failures": [],
      "pending": [],
      "skipped": [],
      "duration": 0,
      "root": true,
      "rootEmpty": true,
      "_timeout": 2000
    }
  ],
  "meta": {
    "mocha": {
      "version": "7.0.1"
    },
    "mochawesome": {
      "options": {
        "quiet": false,
        "reportFilename": "mochawesome",
        "saveHtml": false,
        "saveJson": true,
        "consoleReporter": "spec",
        "useInlineDiffs": false,
        "code": true
      },
      "version": "6.1.1"
    },
    "marge": {
      "options": {
        "id": "default",
        "reportDir": "cypress/reports/mocha",
        "quite": true,
        "overwrite": false,
        "html": false,
        "json": true
      },
      "version": "5.1.0"
    }
  }
}