{
  "stats": {
    "suites": 1,
    "tests": 6,
    "passes": 6,
    "pending": 0,
    "failures": 0,
    "start": "2020-06-09T08:15:03.787Z",
    "end": "2020-06-09T08:15:36.304Z",
    "duration": 32517,
    "testsRegistered": 6,
    "passPercent": 100,
    "pendingPercent": 0,
    "other": 0,
    "hasOther": false,
    "skipped": 0,
    "hasSkipped": false
  },
  "results": [
    {
      "uuid": "6b685e4d-4cac-42df-943a-399b4c8e9b32",
      "title": "",
      "fullFile": "cypress/integration/Admin_Generate_link.js",
      "file": "cypress/integration/Admin_Generate_link.js",
      "beforeHooks": [],
      "afterHooks": [],
      "tests": [],
      "suites": [
        {
          "uuid": "ecf8685a-05ca-4918-ba6f-176407094b5c",
          "title": "Admin_flow",
          "fullFile": "",
          "file": "",
          "beforeHooks": [],
          "afterHooks": [],
          "tests": [
            {
              "title": "Login with valid credentials",
              "fullTitle": "Admin_flow Login with valid credentials",
              "timedOut": null,
              "duration": 12264,
              "state": "passed",
              "speed": "slow",
              "pass": true,
              "fail": false,
              "pending": false,
              "context": null,
              "code": "//valid credentials\ncy.visit('https://kl-test-7a657.firebaseapp.com/login');\ncy.get('input[name=\"email\"]').type(data.EmailId);\ncy.get('input[name=\"password\"]').type(data.Password);\ncy.get('button[type=\"button\"]').should('be.enabled');\ncy.get('button[type=\"button\"]').click();\ncy.log('Successfully logged in');\ncy.wait(6000);",
              "err": {},
              "uuid": "7e8ad78f-fa18-48af-939a-17e3323ad16b",
              "parentUUID": "ecf8685a-05ca-4918-ba6f-176407094b5c",
              "isHook": false,
              "skipped": false
            },
            {
              "title": "Select Generate a link option",
              "fullTitle": "Admin_flow Select Generate a link option",
              "timedOut": null,
              "duration": 2435,
              "state": "passed",
              "speed": "slow",
              "pass": true,
              "fail": false,
              "pending": false,
              "context": null,
              "code": "cy.contains('Generate a Link').click();\ncy.log('Clicked on Generate a link button');\ncy.wait(2000);",
              "err": {},
              "uuid": "4c23693f-dfa6-4c2a-8678-95dd28c9987b",
              "parentUUID": "ecf8685a-05ca-4918-ba6f-176407094b5c",
              "isHook": false,
              "skipped": false
            },
            {
              "title": "Enter organization details here",
              "fullTitle": "Admin_flow Enter organization details here",
              "timedOut": null,
              "duration": 8883,
              "state": "passed",
              "speed": "slow",
              "pass": true,
              "fail": false,
              "pending": false,
              "context": null,
              "code": "cy.contains('Welcome Eric!').should('be.visible');\ncy.log('Welcome Eric! message is diaplyed');\ncy.contains(\"Let's Get Started\").should('be.visible');\ncy.log(\"Let's Get Started message is displayed\");\ncy.get('button[type=\"button\"]').should('be.disabled');\ncy.get('input[name=\"OrganizationName\"]').type(data.OrganizationName);\ncy.get('input[name=\"ContactName\"]').type(data.UserName);\ncy.get('button[type=\"button\"]').should('be.enabled');\ncy.get('input[name= \"MobileNumber\"]').type(data.MobileNumber);\ncy.get('input[name=\"Email\"]').type(data.Email);\ncy.log('Entered all the details');\ncy.get('button[type=\"button\"]').click();\ncy.log('Clicked on Generate link button');\ncy.wait(3000);",
              "err": {},
              "uuid": "93bbfa5c-7f39-4aed-bdf3-a3b29efd4929",
              "parentUUID": "ecf8685a-05ca-4918-ba6f-176407094b5c",
              "isHook": false,
              "skipped": false
            },
            {
              "title": "Verify generated link screen",
              "fullTitle": "Admin_flow Verify generated link screen",
              "timedOut": null,
              "duration": 2254,
              "state": "passed",
              "speed": "slow",
              "pass": true,
              "fail": false,
              "pending": false,
              "context": null,
              "code": "// .link generated screen\ncy.get('.MuiTypography-root').should('have.text', 'Here is your link'); //cy.get('.jss741').click()\ncy.get('img[alt=\"Back Button\"]').should('be.visible');\ncy.log('Back button is displayed');\ncy.get('.MuiButton-label').should('be.visible').click();\ncy.log('Clicked on Share button');",
              "err": {},
              "uuid": "f371b4fa-96c4-454f-8faa-24a9bdaa4244",
              "parentUUID": "ecf8685a-05ca-4918-ba6f-176407094b5c",
              "isHook": false,
              "skipped": false
            },
            {
              "title": "Check Share pop-up",
              "fullTitle": "Admin_flow Check Share pop-up",
              "timedOut": null,
              "duration": 3796,
              "state": "passed",
              "speed": "slow",
              "pass": true,
              "fail": false,
              "pending": false,
              "context": null,
              "code": "cy.get(':nth-child(1) > .MuiListItemText-root > .MuiTypography-root').should('have.text', 'Send link to mobile number');\ncy.log('Send link to mobile number option is displayed');\ncy.get(':nth-child(2) > .MuiListItemText-root > .MuiTypography-root').should('have.text', 'Send link to email');\ncy.log('Send link to email option is displayed');\ncy.get('#Share-link').click();\ncy.log('Successfully clicked send icon of Send link to email option');\ncy.wait(1000);\ncy.get('.MuiDialogActions-root > .MuiButtonBase-root').click(); //cy.contains('Send').click()\ncy.log('Clicked on Send button');\ncy.wait(2000);",
              "err": {},
              "uuid": "61365e2d-ff7f-42be-b3c6-a23e78864ff3",
              "parentUUID": "ecf8685a-05ca-4918-ba6f-176407094b5c",
              "isHook": false,
              "skipped": false
            },
            {
              "title": "Verify Success_screen",
              "fullTitle": "Admin_flow Verify Success_screen",
              "timedOut": null,
              "duration": 2397,
              "state": "passed",
              "speed": "slow",
              "pass": true,
              "fail": false,
              "pending": false,
              "context": null,
              "code": "cy.contains('Link has been shared').should('be.visible');\ncy.log('Link has been shared text is displayed');\ncy.contains('Generate New Link').should('be.enabled');\ncy.log('Genreate a new link button is displayed');",
              "err": {},
              "uuid": "ad8de6ac-7f05-403b-bfa5-cd44a77239fa",
              "parentUUID": "ecf8685a-05ca-4918-ba6f-176407094b5c",
              "isHook": false,
              "skipped": false
            }
          ],
          "suites": [],
          "passes": [
            "7e8ad78f-fa18-48af-939a-17e3323ad16b",
            "4c23693f-dfa6-4c2a-8678-95dd28c9987b",
            "93bbfa5c-7f39-4aed-bdf3-a3b29efd4929",
            "f371b4fa-96c4-454f-8faa-24a9bdaa4244",
            "61365e2d-ff7f-42be-b3c6-a23e78864ff3",
            "ad8de6ac-7f05-403b-bfa5-cd44a77239fa"
          ],
          "failures": [],
          "pending": [],
          "skipped": [],
          "duration": 32029,
          "root": false,
          "rootEmpty": false,
          "_timeout": 2000
        }
      ],
      "passes": [],
      "failures": [],
      "pending": [],
      "skipped": [],
      "duration": 0,
      "root": true,
      "rootEmpty": true,
      "_timeout": 2000
    }
  ],
  "meta": {
    "mocha": {
      "version": "7.0.1"
    },
    "mochawesome": {
      "options": {
        "quiet": false,
        "reportFilename": "mochawesome",
        "saveHtml": false,
        "saveJson": true,
        "consoleReporter": "spec",
        "useInlineDiffs": false,
        "code": true
      },
      "version": "6.1.1"
    },
    "marge": {
      "options": {
        "id": "default",
        "reportDir": "cypress/reports/mocha",
        "quite": true,
        "overwrite": false,
        "html": false,
        "json": true
      },
      "version": "5.1.0"
    }
  }
}