{
  "stats": {
    "suites": 1,
    "tests": 2,
    "passes": 2,
    "pending": 0,
    "failures": 0,
    "start": "2020-06-09T08:23:35.338Z",
    "end": "2020-06-09T08:23:50.355Z",
    "duration": 15017,
    "testsRegistered": 2,
    "passPercent": 100,
    "pendingPercent": 0,
    "other": 0,
    "hasOther": false,
    "skipped": 0,
    "hasSkipped": false
  },
  "results": [
    {
      "uuid": "1ce7c3be-edfd-47b0-a48d-cf82d7e63551",
      "title": "",
      "fullFile": "cypress/integration/Forgot_password.js",
      "file": "cypress/integration/Forgot_password.js",
      "beforeHooks": [],
      "afterHooks": [],
      "tests": [],
      "suites": [
        {
          "uuid": "2652b4eb-3ec8-4207-a1cd-80a2615f1b32",
          "title": "Verify Forgot password?",
          "fullFile": "",
          "file": "",
          "beforeHooks": [],
          "afterHooks": [],
          "tests": [
            {
              "title": "Check Forgot password?",
              "fullTitle": "Verify Forgot password? Check Forgot password?",
              "timedOut": null,
              "duration": 7267,
              "state": "passed",
              "speed": "slow",
              "pass": true,
              "fail": false,
              "pending": false,
              "context": null,
              "code": "cy.visit('https://kindlinen01.web.app/login');\ncy.get('input[name=\"email\"]').should('be.visible');\ncy.get('input[name=\"password\"]').should('be.visible');\ncy.get('button[type=\"button\"]').should('be.disabled');\ncy.get('.MuiTypography-root.jss5.MuiTypography-body1').click();",
              "err": {},
              "uuid": "c7e94436-5f16-4bec-962e-1f2cb5509aed",
              "parentUUID": "2652b4eb-3ec8-4207-a1cd-80a2615f1b32",
              "isHook": false,
              "skipped": false
            },
            {
              "title": "Forgot passowrd screen_2",
              "fullTitle": "Verify Forgot password? Forgot passowrd screen_2",
              "timedOut": null,
              "duration": 2794,
              "state": "passed",
              "speed": "slow",
              "pass": true,
              "fail": false,
              "pending": false,
              "context": null,
              "code": "cy.get('.jss236').contains('Forgot Password?');\ncy.get('.jss235').contains(data.Text);\ncy.get('img[alt=\"Back Button\"]').should('be.visible');\ncy.get('button[type=\"button\"]').contains('Submit');\ncy.get('button[type=\"button\"]').should('be.disabled');\ncy.get('.MuiInputBase-input').type(data.email);\ncy.get('button[type=\"button\"]').should('be.enabled').click();",
              "err": {},
              "uuid": "2869c742-704d-4700-aeb9-b8a6976dda96",
              "parentUUID": "2652b4eb-3ec8-4207-a1cd-80a2615f1b32",
              "isHook": false,
              "skipped": false
            }
          ],
          "suites": [],
          "passes": [
            "c7e94436-5f16-4bec-962e-1f2cb5509aed",
            "2869c742-704d-4700-aeb9-b8a6976dda96"
          ],
          "failures": [],
          "pending": [],
          "skipped": [],
          "duration": 10061,
          "root": false,
          "rootEmpty": false,
          "_timeout": 2000
        }
      ],
      "passes": [],
      "failures": [],
      "pending": [],
      "skipped": [],
      "duration": 0,
      "root": true,
      "rootEmpty": true,
      "_timeout": 2000
    }
  ],
  "meta": {
    "mocha": {
      "version": "7.0.1"
    },
    "mochawesome": {
      "options": {
        "quiet": false,
        "reportFilename": "mochawesome",
        "saveHtml": true,
        "saveJson": true,
        "consoleReporter": "spec",
        "useInlineDiffs": false,
        "code": true
      },
      "version": "6.1.1"
    },
    "marge": {
      "options": {
        "id": "default",
        "reportDir": "cypress/reports/mocha",
        "quite": true,
        "overwrite": false,
        "html": true,
        "json": true
      },
      "version": "5.1.0"
    }
  }
}