{
  "stats": {
    "suites": 1,
    "tests": 17,
    "passes": 8,
    "pending": 0,
    "failures": 9,
    "start": "2020-06-09T08:11:18.194Z",
    "end": "2020-06-09T08:13:30.447Z",
    "duration": 132253,
    "testsRegistered": 17,
    "passPercent": 47.05882352941176,
    "pendingPercent": 0,
    "other": 0,
    "hasOther": false,
    "skipped": 0,
    "hasSkipped": false
  },
  "results": [
    {
      "uuid": "5df81594-61e7-4bbc-85c9-e506b4bff03b",
      "title": "",
      "fullFile": "cypress/integration/Admin_flow.js",
      "file": "cypress/integration/Admin_flow.js",
      "beforeHooks": [],
      "afterHooks": [],
      "tests": [],
      "suites": [
        {
          "uuid": "094376c6-09e6-43f4-82f7-5c0d91dac8d9",
          "title": "Admin_flow for View and Manage Products",
          "fullFile": "",
          "file": "",
          "beforeHooks": [],
          "afterHooks": [],
          "tests": [
            {
              "title": "Verify  Forgot password?",
              "fullTitle": "Admin_flow for View and Manage Products Verify  Forgot password?",
              "timedOut": null,
              "duration": 5519,
              "state": "passed",
              "speed": "slow",
              "pass": true,
              "fail": false,
              "pending": false,
              "context": null,
              "code": "cy.visit('/'); //cy.get('input[name=\"email\"]').type(data.Invalid_Id1)\ncy.get('.MuiTypography-root.jss5.MuiTypography-body1').click();",
              "err": {},
              "uuid": "8a6e2412-0e1c-4ae7-84e3-84f9d46863b8",
              "parentUUID": "094376c6-09e6-43f4-82f7-5c0d91dac8d9",
              "isHook": false,
              "skipped": false
            },
            {
              "title": "Forgot passowrd screen_2",
              "fullTitle": "Admin_flow for View and Manage Products Forgot passowrd screen_2",
              "timedOut": null,
              "duration": 5624,
              "state": "passed",
              "speed": "slow",
              "pass": true,
              "fail": false,
              "pending": false,
              "context": null,
              "code": "//Forgot password\ncy.contains('Forgot Password?').should('be.visible');\ncy.contains(data.Text).should('be.visible');\ncy.get('img[alt=\"Back Button\"]').should('be.visible');\ncy.get('button[type=\"button\"]').contains('Submit');\ncy.get('button[type=\"button\"]').should('be.disabled');\ncy.get('.MuiInputBase-input').type(data.email);\ncy.get('img[alt=\"Back Button\"]').click();\ncy.wait(2000);",
              "err": {},
              "uuid": "16b13547-df5e-4f54-a0f1-94f1f455b1e6",
              "parentUUID": "094376c6-09e6-43f4-82f7-5c0d91dac8d9",
              "isHook": false,
              "skipped": false
            },
            {
              "title": "Verify Login with invalid email",
              "fullTitle": "Admin_flow for View and Manage Products Verify Login with invalid email",
              "timedOut": null,
              "duration": 2778,
              "state": "passed",
              "speed": "slow",
              "pass": true,
              "fail": false,
              "pending": false,
              "context": null,
              "code": "//invalid email id\ncy.get('input[name=\"email\"]').type(data.Invalid_Id1);\ncy.get('input[name=\"password\"]').type(data.Password);\ncy.get('button[type=\"button\"]').click();\ncy.log('Should display an error snackbar saying User account not found.Please contact administrator');",
              "err": {},
              "uuid": "25b6eb80-c2c3-436c-8a1e-b2b7fca64f66",
              "parentUUID": "094376c6-09e6-43f4-82f7-5c0d91dac8d9",
              "isHook": false,
              "skipped": false
            },
            {
              "title": "Verify Login with invalid Password",
              "fullTitle": "Admin_flow for View and Manage Products Verify Login with invalid Password",
              "timedOut": null,
              "duration": 3519,
              "state": "passed",
              "speed": "slow",
              "pass": true,
              "fail": false,
              "pending": false,
              "context": null,
              "code": "//invalid password\ncy.get('input[name=\"email\"]').clear().type(data.EmailId);\ncy.get('input[name=\"password\"]').clear().type(data.Invalid_Password);\ncy.get('button[type=\"button\"]').click();\ncy.log('Should display an error snackbar saying Username or Passsword is wrong');",
              "err": {},
              "uuid": "24306a74-e9de-467f-9fd9-41516e72c539",
              "parentUUID": "094376c6-09e6-43f4-82f7-5c0d91dac8d9",
              "isHook": false,
              "skipped": false
            },
            {
              "title": "Verify Login with leaving email or password field empty",
              "fullTitle": "Admin_flow for View and Manage Products Verify Login with leaving email or password field empty",
              "timedOut": null,
              "duration": 1819,
              "state": "passed",
              "speed": "slow",
              "pass": true,
              "fail": false,
              "pending": false,
              "context": null,
              "code": "//leave any field empty \ncy.get('input[name=\"email\"]').clear();\ncy.get('input[name=\"password\"]').clear().type(data.Password);\ncy.get('button[type=\"button\"]').should('be.disabled');\ncy.log('User should not be able to login');",
              "err": {},
              "uuid": "abb2b74b-9f55-4bc6-b495-3c5b226c04c3",
              "parentUUID": "094376c6-09e6-43f4-82f7-5c0d91dac8d9",
              "isHook": false,
              "skipped": false
            },
            {
              "title": "Verify Login with valid credentials",
              "fullTitle": "Admin_flow for View and Manage Products Verify Login with valid credentials",
              "timedOut": null,
              "duration": 2195,
              "state": "passed",
              "speed": "slow",
              "pass": true,
              "fail": false,
              "pending": false,
              "context": null,
              "code": "//valid credential\ncy.get('input[name=\"email\"]').clear().type(data.EmailId);\ncy.get('input[name=\"password\"]').clear().type(data.Password);\ncy.get('button[type=\"button\"]').should('be.enabled');\ncy.get('button[type=\"button\"]').click();\ncy.log('Logged in successfully');",
              "err": {},
              "uuid": "c0e890e0-dbb6-4003-ba1c-2652671dac0a",
              "parentUUID": "094376c6-09e6-43f4-82f7-5c0d91dac8d9",
              "isHook": false,
              "skipped": false
            },
            {
              "title": "Check the Welcome_screen",
              "fullTitle": "Admin_flow for View and Manage Products Check the Welcome_screen",
              "timedOut": null,
              "duration": 2538,
              "state": "passed",
              "speed": "slow",
              "pass": true,
              "fail": false,
              "pending": false,
              "context": null,
              "code": "cy.get(':nth-child(1) > .form_field ').should('be.visible');\ncy.get(':nth-child(2) > .form_field ').should('be.visible');\ncy.get(':nth-child(1) > .form_field ').click();\ncy.wait(2000);",
              "err": {},
              "uuid": "8f2eed4d-f325-4eb0-8e19-27324c420c7f",
              "parentUUID": "094376c6-09e6-43f4-82f7-5c0d91dac8d9",
              "isHook": false,
              "skipped": false
            },
            {
              "title": "Check Manage_products_screen",
              "fullTitle": "Admin_flow for View and Manage Products Check Manage_products_screen",
              "timedOut": null,
              "duration": 9470,
              "state": "passed",
              "speed": "slow",
              "pass": true,
              "fail": false,
              "pending": false,
              "context": null,
              "code": "cy.contains('Manage Product');\ncy.contains('View & Manage Products').should('be.visible').click();\ncy.log('Clicked on View & Manage Products button');\ncy.wait(3000);",
              "err": {},
              "uuid": "e83ea337-9386-475f-ad4d-95fe1e445004",
              "parentUUID": "094376c6-09e6-43f4-82f7-5c0d91dac8d9",
              "isHook": false,
              "skipped": false
            },
            {
              "title": "Add a product",
              "fullTitle": "Admin_flow for View and Manage Products Add a product",
              "timedOut": null,
              "duration": 10695,
              "state": "failed",
              "speed": null,
              "pass": false,
              "fail": true,
              "pending": false,
              "context": null,
              "code": "cy.contains('Add Product').click();\ncy.log('Clicked on Add product option');\ncy.contains('Please Add Product ').should('be.visible');\ncy.log('Please Add Product message is visible');\ncy.contains('Enter details');\ncy.log('Enter details message is visible');\nvar fileName = 'black-cotton-napkin.jpg';\ncy.get('#icon-button-photo').attachFile('microfiber-towels.jpg');\ncy.log('Successfully uploads the image');\ncy.get('input[name=\"productName\"]').type('Microfiber Towel');\ncy.get('#category').click();\ncy.get('[data-value=\"BOH\"]').click();\ncy.get('input[name=\"defaultQuantity\"]').type('1,000');\ncy.get('input[name=\"price\"]').type('$0.20');\ncy.get('#units').click();\ncy.get('[data-value=\"Per Wash\"]').click();\ncy.get('input[name=\"description\"]').type('Perfect for polishing glasses');\ncy.get('.MuiGrid-root > .MuiButtonBase-root').click();\ncy.wait(5000);\ncy.log(\"Product added successfully\"); //cy.contains('Exit without saving').click() \n//cy.contains('Go Home').click()",
              "err": {
                "message": "AssertionError: Timed out retrying: Expected to find content: 'Add Product' but never did.",
                "estack": "AssertionError: Timed out retrying: Expected to find content: 'Add Product' but never did.\n    at Context.eval (https://kl-test-7a657.firebaseapp.com/__cypress/tests?p=cypress/integration/Admin_flow.js:84:8)",
                "diff": null
              },
              "uuid": "5b490edf-4c2b-46e6-afed-6c3c6a328b6c",
              "parentUUID": "094376c6-09e6-43f4-82f7-5c0d91dac8d9",
              "isHook": false,
              "skipped": false
            },
            {
              "title": "Verify Delete product",
              "fullTitle": "Admin_flow for View and Manage Products Verify Delete product",
              "timedOut": null,
              "duration": 10593,
              "state": "failed",
              "speed": null,
              "pass": false,
              "fail": true,
              "pending": false,
              "context": null,
              "code": "cy.scrollTo(0, 5000);\ncy.get('button[type=\"button\"]').eq(20).click();\ncy.contains('Delete Product').click();\ncy.get('.MuiDialogActions-root > :nth-child(2)').click();\ncy.log('Product Deleted successfully ');",
              "err": {
                "message": "CypressError: Timed out retrying: `cy.scrollTo()` failed because this element is not scrollable:\n\n`<window>`\n",
                "estack": "CypressError: Timed out retrying: `cy.scrollTo()` failed because this element is not scrollable:\n\n`<window>`\n\n    at Object.ensureScrollability (https://kl-test-7a657.firebaseapp.com/__cypress/runner/cypress_runner.js:148711:22)\n    at ensureScrollability (https://kl-test-7a657.firebaseapp.com/__cypress/runner/cypress_runner.js:140597:21)\n    at tryCatcher (https://kl-test-7a657.firebaseapp.com/__cypress/runner/cypress_runner.js:10384:23)\n    at Function.Promise.attempt.Promise.try (https://kl-test-7a657.firebaseapp.com/__cypress/runner/cypress_runner.js:7658:29)\n    at tryFn (https://kl-test-7a657.firebaseapp.com/__cypress/runner/cypress_runner.js:151745:24)\n    at whenStable (https://kl-test-7a657.firebaseapp.com/__cypress/runner/cypress_runner.js:151786:12)\n    at https://kl-test-7a657.firebaseapp.com/__cypress/runner/cypress_runner.js:151309:16\n    at tryCatcher (https://kl-test-7a657.firebaseapp.com/__cypress/runner/cypress_runner.js:10384:23)\n    at Promise._settlePromiseFromHandler (https://kl-test-7a657.firebaseapp.com/__cypress/runner/cypress_runner.js:8319:31)\n    at Promise._settlePromise (https://kl-test-7a657.firebaseapp.com/__cypress/runner/cypress_runner.js:8376:18)\n    at Promise._settlePromise0 (https://kl-test-7a657.firebaseapp.com/__cypress/runner/cypress_runner.js:8421:10)\n    at Promise._settlePromises (https://kl-test-7a657.firebaseapp.com/__cypress/runner/cypress_runner.js:8501:18)\n    at Promise._fulfill (https://kl-test-7a657.firebaseapp.com/__cypress/runner/cypress_runner.js:8445:18)\n    at https://kl-test-7a657.firebaseapp.com/__cypress/runner/cypress_runner.js:10059:46\nFrom Your Spec Code:\n    at Context.eval (https://kl-test-7a657.firebaseapp.com/__cypress/tests?p=cypress/integration/Admin_flow.js:107:8)",
                "diff": null
              },
              "uuid": "ece8b583-68c6-4c36-82c0-76f488075be6",
              "parentUUID": "094376c6-09e6-43f4-82f7-5c0d91dac8d9",
              "isHook": false,
              "skipped": false
            },
            {
              "title": "Modify a product",
              "fullTitle": "Admin_flow for View and Manage Products Modify a product",
              "timedOut": null,
              "duration": 10677,
              "state": "failed",
              "speed": null,
              "pass": false,
              "fail": true,
              "pending": false,
              "context": null,
              "code": "cy.get('button[type=\"button\"]').eq(16).click();\ncy.log('Clicked on modify option');\ncy.contains('Edit Product').should('be.visible');\ncy.log('Edit Product option is displayed');\ncy.contains('Delete Product').should('be.visible');\ncy.log('Delete Product option is displayed');",
              "err": {
                "message": "AssertionError: Timed out retrying: Expected to find element: `16`, but never found it. Queried from element: [ <button.MuiButtonBase-root.MuiButton-root.MuiButton-contained.jss904.MuiButton-fullWidth>, 1 more... ]",
                "estack": "AssertionError: Timed out retrying: Expected to find element: `16`, but never found it. Queried from element: [ <button.MuiButtonBase-root.MuiButton-root.MuiButton-contained.jss904.MuiButton-fullWidth>, 1 more... ]\n    at Context.eval (https://kl-test-7a657.firebaseapp.com/__cypress/tests?p=cypress/integration/Admin_flow.js:114:37)",
                "diff": null
              },
              "uuid": "bb072dfa-ca07-4775-9bdd-64217be039b7",
              "parentUUID": "094376c6-09e6-43f4-82f7-5c0d91dac8d9",
              "isHook": false,
              "skipped": false
            },
            {
              "title": "Verify Edit product",
              "fullTitle": "Admin_flow for View and Manage Products Verify Edit product",
              "timedOut": null,
              "duration": 10705,
              "state": "failed",
              "speed": null,
              "pass": false,
              "fail": true,
              "pending": false,
              "context": null,
              "code": "cy.contains('Edit Product').click();\ncy.get('input[name=\"defaultQuantity\"]').type('.00');\ncy.log('Edited the quantity');\ncy.contains('Update Product').click(); //cy.contains('Exit without saving').click()\n//cy.contains('View & Manage Products').click()\n//cy.log('Product successfully updated')\ncy.wait(2000);",
              "err": {
                "message": "AssertionError: Timed out retrying: Expected to find content: 'Edit Product' but never did.",
                "estack": "AssertionError: Timed out retrying: Expected to find content: 'Edit Product' but never did.\n    at Context.eval (https://kl-test-7a657.firebaseapp.com/__cypress/tests?p=cypress/integration/Admin_flow.js:122:8)",
                "diff": null
              },
              "uuid": "0d2c4128-3935-4894-9eff-a00f5bff8158",
              "parentUUID": "094376c6-09e6-43f4-82f7-5c0d91dac8d9",
              "isHook": false,
              "skipped": false
            },
            {
              "title": "Select Generate a link option",
              "fullTitle": "Admin_flow for View and Manage Products Select Generate a link option",
              "timedOut": null,
              "duration": 10697,
              "state": "failed",
              "speed": null,
              "pass": false,
              "fail": true,
              "pending": false,
              "context": null,
              "code": "cy.contains('Go Home').click();\ncy.wait(2000);\ncy.contains('Generate a Link').click();\ncy.log('Clicked on Generate a link button');\ncy.wait(3000);",
              "err": {
                "message": "AssertionError: Timed out retrying: Expected to find content: 'Go Home' but never did.",
                "estack": "AssertionError: Timed out retrying: Expected to find content: 'Go Home' but never did.\n    at Context.eval (https://kl-test-7a657.firebaseapp.com/__cypress/tests?p=cypress/integration/Admin_flow.js:132:8)",
                "diff": null
              },
              "uuid": "f291b14a-0aa4-444e-bfb3-ff5a40ffcca7",
              "parentUUID": "094376c6-09e6-43f4-82f7-5c0d91dac8d9",
              "isHook": false,
              "skipped": false
            },
            {
              "title": "Enter organization details here",
              "fullTitle": "Admin_flow for View and Manage Products Enter organization details here",
              "timedOut": null,
              "duration": 11187,
              "state": "failed",
              "speed": null,
              "pass": false,
              "fail": true,
              "pending": false,
              "context": null,
              "code": "cy.log('Welcome Eric! message is diaplyed');\ncy.contains(\"Let's Get Started\").should('be.visible');\ncy.log(\"Let's Get Started message is displayed\");\ncy.get('button[type=\"button\"]').should('be.disabled');\ncy.get('input[name=\"OrganizationName\"]').type(data.OrganizationName);\ncy.get('input[name=\"ContactName\"]').type(data.UserName);\ncy.get('button[type=\"button\"]').should('be.enabled');\ncy.get('input[name=\"Email\"]').type(data.Email);\ncy.log('Entered all the details');\ncy.get('button[type=\"button\"]').click();\ncy.log('Clicked on Generate link button');\ncy.wait(3000);",
              "err": {
                "message": "AssertionError: Timed out retrying: Expected to find content: 'Let's Get Started' but never did.",
                "estack": "AssertionError: Timed out retrying: Expected to find content: 'Let's Get Started' but never did.\n    at Context.eval (https://kl-test-7a657.firebaseapp.com/__cypress/tests?p=cypress/integration/Admin_flow.js:140:38)",
                "diff": null
              },
              "uuid": "fc101829-0ba9-4d40-b0e6-e5d01f9d6f68",
              "parentUUID": "094376c6-09e6-43f4-82f7-5c0d91dac8d9",
              "isHook": false,
              "skipped": false
            },
            {
              "title": "Verify generated link screen",
              "fullTitle": "Admin_flow for View and Manage Products Verify generated link screen",
              "timedOut": null,
              "duration": 10935,
              "state": "failed",
              "speed": null,
              "pass": false,
              "fail": true,
              "pending": false,
              "context": null,
              "code": "// .link generated screen\ncy.get('.MuiTypography-root').should('have.text', 'Here is your link');\ncy.get('img[alt=\"Back Button\"]').should('be.visible');\ncy.log('Back button is displayed');\ncy.get('.MuiButton-label').should('be.visible').click();\ncy.log('Clicked on Share button');",
              "err": {
                "message": "AssertionError: Timed out retrying: expected '[ <p.MuiTypography-root.jss900.MuiTypography-body1>, 1 more... ]' to have text 'Here is your link', but the text was 'Welcome Eric!What would you like to do today?'",
                "estack": "AssertionError: Timed out retrying: expected '[ <p.MuiTypography-root.jss900.MuiTypography-body1>, 1 more... ]' to have text 'Here is your link', but the text was 'Welcome Eric!What would you like to do today?'\n    at Context.eval (https://kl-test-7a657.firebaseapp.com/__cypress/tests?p=cypress/integration/Admin_flow.js:154:35)",
                "diff": "- 'Welcome Eric!What would you like to do today?'\n+ 'Here is your link'\n"
              },
              "uuid": "ed5a5cd7-3d69-4509-9e22-53f9c576971b",
              "parentUUID": "094376c6-09e6-43f4-82f7-5c0d91dac8d9",
              "isHook": false,
              "skipped": false
            },
            {
              "title": "Check Share pop-up",
              "fullTitle": "Admin_flow for View and Manage Products Check Share pop-up",
              "timedOut": null,
              "duration": 10873,
              "state": "failed",
              "speed": null,
              "pass": false,
              "fail": true,
              "pending": false,
              "context": null,
              "code": "cy.get(':nth-child(1) > .MuiListItemText-root > .MuiTypography-root').should('have.text', 'Send link to mobile number');\ncy.log('Send link to mobile number option is displayed is disabled');\ncy.get(':nth-child(2) > .MuiListItemText-root > .MuiTypography-root').should('have.text', 'Send link to email');\ncy.log('Send link to email option is displayed');\ncy.get('#Share-link').click();\ncy.log('Successfully clicked on send icon ');\ncy.wait(1000);\ncy.get('.MuiDialogActions-root > .MuiButtonBase-root').click();\ncy.log('Clicked on Send button');\ncy.wait(2000);",
              "err": {
                "message": "AssertionError: Timed out retrying: Expected to find element: `:nth-child(1) > .MuiListItemText-root > .MuiTypography-root`, but never found it.",
                "estack": "AssertionError: Timed out retrying: Expected to find element: `:nth-child(1) > .MuiListItemText-root > .MuiTypography-root`, but never found it.\n    at Context.eval (https://kl-test-7a657.firebaseapp.com/__cypress/tests?p=cypress/integration/Admin_flow.js:161:75)",
                "diff": null
              },
              "uuid": "7b75b2eb-f926-4f25-b841-ef33a658f672",
              "parentUUID": "094376c6-09e6-43f4-82f7-5c0d91dac8d9",
              "isHook": false,
              "skipped": false
            },
            {
              "title": "Verify Success_screen",
              "fullTitle": "Admin_flow for View and Manage Products Verify Success_screen",
              "timedOut": null,
              "duration": 10716,
              "state": "failed",
              "speed": null,
              "pass": false,
              "fail": true,
              "pending": false,
              "context": null,
              "code": "cy.contains('Link has been shared').should('be.visible');\ncy.log('Link has been shared text is displayed');\ncy.contains('Generate New Link').should('be.enabled');\ncy.log('Genreate a new link button is displayed');",
              "err": {
                "message": "AssertionError: Timed out retrying: Expected to find content: 'Link has been shared' but never did.",
                "estack": "AssertionError: Timed out retrying: Expected to find content: 'Link has been shared' but never did.\n    at Context.eval (https://kl-test-7a657.firebaseapp.com/__cypress/tests?p=cypress/integration/Admin_flow.js:173:41)",
                "diff": null
              },
              "uuid": "ffa36460-561c-4f74-96f1-a021a0b1fe2c",
              "parentUUID": "094376c6-09e6-43f4-82f7-5c0d91dac8d9",
              "isHook": false,
              "skipped": false
            }
          ],
          "suites": [],
          "passes": [
            "8a6e2412-0e1c-4ae7-84e3-84f9d46863b8",
            "16b13547-df5e-4f54-a0f1-94f1f455b1e6",
            "25b6eb80-c2c3-436c-8a1e-b2b7fca64f66",
            "24306a74-e9de-467f-9fd9-41516e72c539",
            "abb2b74b-9f55-4bc6-b495-3c5b226c04c3",
            "c0e890e0-dbb6-4003-ba1c-2652671dac0a",
            "8f2eed4d-f325-4eb0-8e19-27324c420c7f",
            "e83ea337-9386-475f-ad4d-95fe1e445004"
          ],
          "failures": [
            "5b490edf-4c2b-46e6-afed-6c3c6a328b6c",
            "ece8b583-68c6-4c36-82c0-76f488075be6",
            "bb072dfa-ca07-4775-9bdd-64217be039b7",
            "0d2c4128-3935-4894-9eff-a00f5bff8158",
            "f291b14a-0aa4-444e-bfb3-ff5a40ffcca7",
            "fc101829-0ba9-4d40-b0e6-e5d01f9d6f68",
            "ed5a5cd7-3d69-4509-9e22-53f9c576971b",
            "7b75b2eb-f926-4f25-b841-ef33a658f672",
            "ffa36460-561c-4f74-96f1-a021a0b1fe2c"
          ],
          "pending": [],
          "skipped": [],
          "duration": 130540,
          "root": false,
          "rootEmpty": false,
          "_timeout": 2000
        }
      ],
      "passes": [],
      "failures": [],
      "pending": [],
      "skipped": [],
      "duration": 0,
      "root": true,
      "rootEmpty": true,
      "_timeout": 2000
    }
  ],
  "meta": {
    "mocha": {
      "version": "7.0.1"
    },
    "mochawesome": {
      "options": {
        "quiet": false,
        "reportFilename": "mochawesome",
        "saveHtml": false,
        "saveJson": true,
        "consoleReporter": "spec",
        "useInlineDiffs": false,
        "code": true
      },
      "version": "6.1.1"
    },
    "marge": {
      "options": {
        "id": "default",
        "reportDir": "cypress/reports/mocha",
        "quite": true,
        "overwrite": false,
        "html": false,
        "json": true
      },
      "version": "5.1.0"
    }
  }
}